2016/10/23 13:17:18: hello, world
2016/10/23 13:17:18: process id: 28843
2016/10/23 13:17:18: go version: go1.7.1
2016/10/23 13:17:18: process environment ...
2016/10/23 13:17:18:   B=/usr/local/blobio
2016/10/23 13:17:18:   BLOBIO_ALGORITHM=sha
2016/10/23 13:17:18:   BLOBIO_ROOT=/usr/local/blobio
2016/10/23 13:17:18:   BLOBIO_SERVICE=bio4:localhost:1797
2016/10/23 13:17:18:   HOME=/home/jmscott
2016/10/23 13:17:18:   LANG=en_US
2016/10/23 13:17:18:   LANGUAGE=en_US:
2016/10/23 13:17:18:   LOGNAME=jmscott
2016/10/23 13:17:18:   MAIL=/var/mail/jmscott
2016/10/23 13:17:18:   OLDPWD=/home/jmscott/dev/work/trunk
2016/10/23 13:17:18:   PATH=.:/home/jmscott/bin:/usr/local/pgsql/bin:/usr/local/bin:/usr/local/sbin:/usr/local/bin:/usr/sbin:/usr/bin:/sbin:/bin:/usr/games:/usr/local/games:/usr/local/blobio/bin
2016/10/23 13:17:18:   PGDATABASE=jmscott
2016/10/23 13:17:18:   PGHOME=/usr/local/pgsql
2016/10/23 13:17:18:   PGHOST=/tmp
2016/10/23 13:17:18:   PGPORT=5432
2016/10/23 13:17:18:   PGSYSCONFDIR=/etc
2016/10/23 13:17:18:   PGUSER=jmscott
2016/10/23 13:17:18:   PWD=/home/jmscott/dev/work/trunk/rasql
2016/10/23 13:17:18:   S=/usr/local/setspace
2016/10/23 13:17:18:   SETSPACE_ROOT=/usr/local/setspace
2016/10/23 13:17:18:   SHELL=/bin/bash
2016/10/23 13:17:18:   SHLVL=1
2016/10/23 13:17:18:   SSH_CLIENT=70.115.241.52 37347 22
2016/10/23 13:17:18:   SSH_CONNECTION=70.115.241.52 37347 173.193.106.242 22
2016/10/23 13:17:18:   SSH_TTY=/dev/pts/1
2016/10/23 13:17:18:   TERM=xterm-256color
2016/10/23 13:17:18:   USER=jmscott
2016/10/23 13:17:18:   XDG_RUNTIME_DIR=/run/user/1000
2016/10/23 13:17:18:   XDG_SESSION_ID=1310
2016/10/23 13:17:18:   _=./rasqld
2016/10/23 13:17:18: loading config file: pg_catalog.rasql
2016/10/23 13:17:18: http listen: localhost:8080
2016/10/23 13:17:18: rest path prefix: /pg_catalog
2016/10/23 13:17:18: warn slow sql query duration: 5.000000000s
2016/10/23 13:17:18: 4 sql query files in config {
2016/10/23 13:17:18:   pg_class: {
2016/10/23 13:17:18:     source-path: pg_class.sql
2016/10/23 13:17:18:   }
2016/10/23 13:17:18:   pg_class-by-nspname: {
2016/10/23 13:17:18:     source-path: pg_class-by-nspname.sql
2016/10/23 13:17:18:   }
2016/10/23 13:17:18:   pg_stat_activity: {
2016/10/23 13:17:18:     source-path: pg_stat_activity.sql
2016/10/23 13:17:18:   }
2016/10/23 13:17:18:   pg_roles: {
2016/10/23 13:17:18:     source-path: pg_roles.sql
2016/10/23 13:17:18:   }
2016/10/23 13:17:18: }
2016/10/23 13:17:18: loading sql queries from 4 files
2016/10/23 13:17:18:   pg_stat_activity.sql
2016/10/23 13:17:18:     0 arguments:
2016/10/23 13:17:18:   pg_roles.sql
2016/10/23 13:17:18:     0 arguments:
2016/10/23 13:17:18:   pg_class.sql
2016/10/23 13:17:18:     0 arguments:
2016/10/23 13:17:18:   pg_class-by-nspname.sql
2016/10/23 13:17:18:     1 arguments:
2016/10/23 13:17:18:       nspname:{pgtype:text}
2016/10/23 13:17:18: http query args: 1 args
2016/10/23 13:17:18:   name: {
2016/10/23 13:17:18:     matches: ^.{1,63}$
2016/10/23 13:17:18:     sql-alias: nspname
2016/10/23 13:17:18:   }
2016/10/23 13:17:18: bind http query args to sql variables query args ...
2016/10/23 13:17:18:   nspname -> name
2016/10/23 13:17:18: basic auth: password file not defined
2016/10/23 13:17:18: basic auth: no password required to access queries
2016/10/23 13:17:18: pg_catalog.rasql: loaded
2016/10/23 13:17:18: preparing 4 queries in sql database
2016/10/23 13:17:18: 	pg_class
2016/10/23 13:17:18: ERROR: sql prepare failed:
SELECT
	n.nspname,
	c.relname,
	c.relnamespace,
	c.reltype,
	c.reloftype,
	c.relowner,
	c.relam,
	c.relfilenode,
	c.reltablespace,
	c.relpages,
	c.reltuples,
	c.relallvisible,
	c.reltoastrelid,
	c.relhasindex,
	c.relisshared,
	c.relpersistence,
	c.relkind,
	c.relnatts,
	c.relchecks,
	c.relhasoids,
	c.relhaspkey,
	c.relhasrules,
	c.relhastriggers,
	c.relhassubclass,
	c.relrowsecurity,
	c.relforcerowsecurity,
	c.relispopulated,
	c.relreplident,
	c.relfrozenxid,
	c.relminmxid,
	c.relacl,
	c.reloptions,
	c.oid
  FROM
  	pg_catalog.pg_class c
	  JOIN pg_catalog.pg_namespace n ON (n.oid = c.relnamespace)
  ORDER BY
  	n.nspname asc, c.relname asc
;

2016/10/23 13:17:18: ERROR: pq: unexpected error: "setting PGSYSCONFDIR not supported"
2016/10/23 13:17:18: good bye, cruel world
